<?xml version="1.0" encoding="UTF-8" ?>

<testsuite failures="0" time="0.311" errors="0" skipped="0" tests="7" name="BasicTest">
  <testcase classname="BasicTest" name="createPost" time="0.02">
      </testcase>
  <testcase classname="BasicTest" name="postComments" time="0.013">
      </testcase>
  <testcase classname="BasicTest" name="fullTest" time="0.167">
      </testcase>
  <testcase classname="BasicTest" name="testTags" time="0.076">
      </testcase>
  <testcase classname="BasicTest" name="createAndRetrieveUser" time="0.006">
      </testcase>
  <testcase classname="BasicTest" name="tryConnectAsUser" time="0.007">
      </testcase>
  <testcase classname="BasicTest" name="useTheCommentsRelation" time="0.022">
      </testcase>
</testsuite>
